<?xml version="1.0" encoding="UTF-8" ?>
<testsuite failures="0" time="5.296" errors="0" skipped="0" tests="5" name="ph.com.pinoyspringers.salesasst.domain.SalesProfilePersistenceTest">
  <properties>
[...]
</properties>
  <testcase time="1.594" classname="ph.com.pinoyspringers.salesasst.domain.SalesProfilePersistenceTest" name="testRetrieveAll"/>
  <testcase time="1.145" classname="ph.com.pinoyspringers.salesasst.domain.SalesProfilePersistenceTest" name="testRetrieveById"/>
  <testcase time="0.654" classname="ph.com.pinoyspringers.salesasst.domain.SalesProfilePersistenceTest" name="testPersist"/>
  <testcase time="0.942" classname="ph.com.pinoyspringers.salesasst.domain.SalesProfilePersistenceTest" name="testMerge"/>
  <testcase time="0.941" classname="ph.com.pinoyspringers.salesasst.domain.SalesProfilePersistenceTest" name="testDelete"/>
</testsuite>