<?xml version="1.0" encoding="UTF-8" ?>
<testsuite failures="0" time="5.489" errors="0" skipped="0" tests="5" name="ph.com.pinoyspringers.salesasst.domain.SalesProfileValidationTest">
  <properties>
[...]
</properties>
  <testcase time="5.02" classname="ph.com.pinoyspringers.salesasst.domain.SalesProfileValidationTest" name="checkMockData"/>
  <testcase time="0.28" classname="ph.com.pinoyspringers.salesasst.domain.SalesProfileValidationTest" name="testCompleteProfileName"/>
  <testcase time="0.032" classname="ph.com.pinoyspringers.salesasst.domain.SalesProfileValidationTest" name="testProfileGenderValues"/>
  <testcase time="0.037" classname="ph.com.pinoyspringers.salesasst.domain.SalesProfileValidationTest" name="testProfileCivilStatusValues"/>
  <testcase time="0.08" classname="ph.com.pinoyspringers.salesasst.domain.SalesProfileValidationTest" name="testCustomValidationMessage"/>
</testsuite>